


ARM Macro Assembler    Page 1 


    1 00000000         ;/*-----------------------------------------------------
                       ----------------------------------------------------*/
    2 00000000         ;/* Amicro Semiconductor Inc.                           
                                                                           */
    3 00000000         ;/*                                                     
                                                                           */
    4 00000000         ;/* Copyright (c) 2016 by Amicro Semiconductor Inc.     
                                                                           */
    5 00000000         ;/* All rights reserved.                                
                                                                           */
    6 00000000         ;/*                                                     
                                                                           */
    7 00000000         ;/*-----------------------------------------------------
                       ------------------------------------------------------
    8 00000000         ;  File Name        : startup.s
    9 00000000         ;  Version          : V0.00
   10 00000000         ;  Date             : 2016-09-02
   11 00000000         ;  Description      : Startup code.
   12 00000000         ;-------------------------------------------------------
                       ----------------------------------------------------*/
   13 00000000         
   14 00000000         ;*******************************************************
                       ************************
   15 00000000         ; Stack Configuration.    Stack Size (in Bytes)
   16 00000000         ;*******************************************************
                       ************************
   17 00000000 00000800 
                       Stack_Size
                               EQU              (1024*2)
   18 00000000         
   19 00000000                 AREA             STACK, NOINIT, READWRITE, ALIGN
 = 3
   20 00000000         Stack_Mem
                               SPACE            Stack_Size
   21 00000800         __initial_sp
   22 00000800         
   23 00000800         ;*******************************************************
                       ************************
   24 00000800         ; Heap Configuration.    Heap Size (in Bytes)
   25 00000800         ;*******************************************************
                       ************************
   26 00000800 00000000 
                       Heap_Size
                               EQU              0
   27 00000800         
   28 00000800                 AREA             HEAP, NOINIT, READWRITE, ALIGN 
= 3
   29 00000000         __heap_base
   30 00000000         Heap_Mem
                               SPACE            Heap_Size
   31 00000000         __heap_limit
   32 00000000         
   33 00000000         
   34 00000000                 PRESERVE8
   35 00000000                 THUMB
   36 00000000         
   37 00000000         ;*******************************************************
                       ************************
   38 00000000         ; Fill-up the Vector Table entries with the exceptions I



ARM Macro Assembler    Page 2 


                       SR address
   39 00000000         ;*******************************************************
                       ************************
   40 00000000                 AREA             RESET, CODE, READONLY
   41 00000000                 EXPORT           __Vectors
   42 00000000         
   43 00000000 00000000 
                       __Vectors
                               DCD              __initial_sp ; Top Address of S
                                                            tack
   44 00000004 00000000        DCD              Reset_Handler ; Reset Handler
   45 00000008 00000000        DCD              NMI_Handler ; NMI Handler
   46 0000000C 00000000        DCD              HardFault_Handler ; Hard Fault 
                                                            Handler
   47 00000010 00000000        DCD              0           ; Reserved
   48 00000014 00000000        DCD              0           ; Reserved
   49 00000018 00000000        DCD              0           ; Reserved
   50 0000001C 00000000        DCD              0           ; Reserved
   51 00000020 00000000        DCD              0           ; Reserved
   52 00000024 00000000        DCD              0           ; Reserved
   53 00000028 00000000        DCD              0           ; Reserved
   54 0000002C 00000000        DCD              SVC_Handler ; SVCall Handler
   55 00000030 00000000        DCD              DebugMon_Handler ; Debug Monito
                                                            r Handler
   56 00000034 00000000        DCD              0           ; Reserved
   57 00000038 00000000        DCD              PendSV_Handler ; PendSV Handler
                                                            
   58 0000003C 00000000        DCD              SysTick_Handler 
                                                            ; SysTick Handler
   59 00000040         
   60 00000040         ; External Interrupt Handler
   61 00000040 00000000        DCD              CKRDY_IRQHandler
   62 00000044 00000000        DCD              LVD_IRQHandler
   63 00000048 00000000        DCD              WDT_IRQHandler
   64 0000004C 00000000        DCD              RTC_IRQHandler
   65 00000050 00000000        DCD              FLASH_IRQHandler
   66 00000054 00000000        DCD              EVWUP_IRQHandler
   67 00000058 00000000        DCD              LPWUP_POR_IRQHandler
   68 0000005C 00000000        DCD              EXTI0_1_2_3_IRQHandler
   69 00000060 00000000        DCD              EXTI4_5_6_7_IRQHandler
   70 00000064 00000000        DCD              EXTI8_9_10_11_IRQHandler
   71 00000068 00000000        DCD              EXTI12_13_14_15_IRQHandler
   72 0000006C 00000000        DCD              ADC_IRQHandler
   73 00000070 00000000        DCD              GPTM0_IRQHandler
   74 00000074 00000000        DCD              GPTM1_IRQHandler
   75 00000078 00000000        DCD              GPTM2_IRQHandler
   76 0000007C 00000000        DCD              GPTM3_IRQHandler
   77 00000080 00000000        DCD              I2C0_IRQHandler
   78 00000084 00000000        DCD              SPI0_SPI1_IRQHandler
   79 00000088 00000000        DCD              UART0_IRQHandler
   80 0000008C 00000000        DCD              UART1_IRQHandler
   81 00000090 00000000        DCD              UART2_IRQHandler
   82 00000094 00000000        DCD              UART3_IRQHandler
   83 00000098 00000000        DCD              UART4_IRQHandler
   84 0000009C 00000000        DCD              UART5_IRQHandler
   85 000000A0 00000000        DCD              PDMA_CH0_IRQHandler
   86 000000A4 00000000        DCD              PDMA_CH1_IRQHandler
   87 000000A8 00000000        DCD              PDMA_CH2_IRQHandler
   88 000000AC 00000000        DCD              PDMA_CH3_IRQHandler



ARM Macro Assembler    Page 3 


   89 000000B0 00000000        DCD              PDMA_CH4_CH5IRQHandler
   90 000000B4 00000000        DCD              PDMA_CH6_CH7_IRQHandler
   91 000000B8 00000000        DCD              COMP_IRQHandler
   92 000000BC 00000000        DCD              CAN_IRQHandler
   93 000000C0         
   94 000000C0         ; Reset handler routine
   95 000000C0         Reset_Handler
                               PROC
   96 000000C0                 EXPORT           Reset_Handler                  
 [WEAK]
   97 000000C0                 IMPORT           SystemInit
   98 000000C0                 IMPORT           __main
   99 000000C0 4806            LDR              R0, =SystemInit
  100 000000C2 4780            BLX              R0
  101 000000C4 4806            LDR              R0, =__main
  102 000000C6 4700            BX               R0
  103 000000C8 BF00            NOP
  104 000000CA BF00            NOP
  105 000000CC BF00            NOP
  106 000000CE                 ENDP
  107 000000CE         
  108 000000CE         ; Exception Handlers
  109 000000CE         NMI_Handler
                               PROC
  110 000000CE                 EXPORT           NMI_Handler                    
 [WEAK]
  111 000000CE E7FE            B                .
  112 000000D0                 ENDP
  113 000000D0         
  114 000000D0         HardFault_Handler
                               PROC
  115 000000D0                 EXPORT           HardFault_Handler              
 [WEAK]
  116 000000D0 E7FE            B                .
  117 000000D2                 ENDP
  118 000000D2         
  119 000000D2         SVC_Handler
                               PROC
  120 000000D2                 EXPORT           SVC_Handler                    
 [WEAK]
  121 000000D2 E7FE            B                .
  122 000000D4                 ENDP
  123 000000D4         
  124 000000D4         DebugMon_Handler
                               PROC
  125 000000D4                 EXPORT           DebugMon_Handler               
 [WEAK]
  126 000000D4 E7FE            B                .
  127 000000D6                 ENDP
  128 000000D6         
  129 000000D6         PendSV_Handler
                               PROC
  130 000000D6                 EXPORT           PendSV_Handler                 
 [WEAK]
  131 000000D6 E7FE            B                .
  132 000000D8                 ENDP
  133 000000D8         
  134 000000D8         SysTick_Handler
                               PROC



ARM Macro Assembler    Page 4 


  135 000000D8                 EXPORT           SysTick_Handler                
 [WEAK]
  136 000000D8 E7FE            B                .
  137 000000DA                 ENDP
  138 000000DA         
  139 000000DA         Default_Handler
                               PROC
  140 000000DA                 EXPORT           CKRDY_IRQHandler               
 [WEAK]
  141 000000DA                 EXPORT           LVD_IRQHandler                 
 [WEAK]
  142 000000DA                 EXPORT           WDT_IRQHandler                 
 [WEAK]
  143 000000DA                 EXPORT           RTC_IRQHandler                 
 [WEAK]
  144 000000DA                 EXPORT           FLASH_IRQHandler               
 [WEAK]
  145 000000DA                 EXPORT           EVWUP_IRQHandler               
 [WEAK]
  146 000000DA                 EXPORT           LPWUP_POR_IRQHandler           
 [WEAK]
  147 000000DA                 EXPORT           EXTI0_1_2_3_IRQHandler         
 [WEAK]
  148 000000DA                 EXPORT           EXTI4_5_6_7_IRQHandler         
 [WEAK]
  149 000000DA                 EXPORT           EXTI8_9_10_11_IRQHandler       
 [WEAK]
  150 000000DA                 EXPORT           EXTI12_13_14_15_IRQHandler     
 [WEAK]
  151 000000DA                 EXPORT           ADC_IRQHandler                 
 [WEAK]
  152 000000DA                 EXPORT           GPTM0_IRQHandler               
 [WEAK]
  153 000000DA                 EXPORT           GPTM1_IRQHandler               
 [WEAK]
  154 000000DA                 EXPORT           GPTM2_IRQHandler               
 [WEAK]
  155 000000DA                 EXPORT           GPTM3_IRQHandler               
 [WEAK]
  156 000000DA                 EXPORT           I2C0_IRQHandler                
 [WEAK]
  157 000000DA                 EXPORT           SPI0_SPI1_IRQHandler           
 [WEAK]
  158 000000DA                 EXPORT           UART0_IRQHandler               
 [WEAK]
  159 000000DA                 EXPORT           UART1_IRQHandler               
 [WEAK]
  160 000000DA                 EXPORT           UART2_IRQHandler               
 [WEAK]
  161 000000DA                 EXPORT           UART3_IRQHandler               
 [WEAK]
  162 000000DA                 EXPORT           UART4_IRQHandler               
 [WEAK]
  163 000000DA                 EXPORT           UART5_IRQHandler               
 [WEAK]
  164 000000DA                 EXPORT           PDMA_CH0_IRQHandler            
 [WEAK]
  165 000000DA                 EXPORT           PDMA_CH1_IRQHandler            
 [WEAK]



ARM Macro Assembler    Page 5 


  166 000000DA                 EXPORT           PDMA_CH2_IRQHandler            
 [WEAK]
  167 000000DA                 EXPORT           PDMA_CH3_IRQHandler            
 [WEAK]
  168 000000DA                 EXPORT           PDMA_CH4_CH5IRQHandler         
 [WEAK]
  169 000000DA                 EXPORT           PDMA_CH6_CH7_IRQHandler        
 [WEAK]
  170 000000DA                 EXPORT           COMP_IRQHandler                
 [WEAK]
  171 000000DA                 EXPORT           CAN_IRQHandler                 
 [WEAK]
  172 000000DA         
  173 000000DA         CKRDY_IRQHandler
  174 000000DA         LVD_IRQHandler
  175 000000DA         WDT_IRQHandler
  176 000000DA         RTC_IRQHandler
  177 000000DA         FLASH_IRQHandler
  178 000000DA         EVWUP_IRQHandler
  179 000000DA         LPWUP_POR_IRQHandler
  180 000000DA         EXTI0_1_2_3_IRQHandler
  181 000000DA         EXTI4_5_6_7_IRQHandler
  182 000000DA         EXTI8_9_10_11_IRQHandler
  183 000000DA         EXTI12_13_14_15_IRQHandler
  184 000000DA         ADC_IRQHandler
  185 000000DA         GPTM0_IRQHandler
  186 000000DA         GPTM1_IRQHandler
  187 000000DA         GPTM2_IRQHandler
  188 000000DA         GPTM3_IRQHandler
  189 000000DA         I2C0_IRQHandler
  190 000000DA         SPI0_SPI1_IRQHandler
  191 000000DA         UART0_IRQHandler
  192 000000DA         UART1_IRQHandler
  193 000000DA         UART2_IRQHandler
  194 000000DA         UART3_IRQHandler
  195 000000DA         UART4_IRQHandler
  196 000000DA         UART5_IRQHandler
  197 000000DA         PDMA_CH0_IRQHandler
  198 000000DA         PDMA_CH1_IRQHandler
  199 000000DA         PDMA_CH2_IRQHandler
  200 000000DA         PDMA_CH3_IRQHandler
  201 000000DA         PDMA_CH4_CH5IRQHandler
  202 000000DA         PDMA_CH6_CH7_IRQHandler
  203 000000DA         COMP_IRQHandler
  204 000000DA         CAN_IRQHandler
  205 000000DA         
  206 000000DA E7FE            B                .
  207 000000DC                 ENDP
  208 000000DC         
  209 000000DC                 ALIGN
  210 000000DC         
  211 000000DC         ;*******************************************************
                       ************************
  212 000000DC         ; User Stack and Heap initialization
  213 000000DC         ;*******************************************************
                       ************************
  214 000000DC                 IF               :DEF:__MICROLIB
  215 000000DC         
  216 000000DC                 EXPORT           __initial_sp



ARM Macro Assembler    Page 6 


  217 000000DC                 EXPORT           __heap_base
  218 000000DC                 EXPORT           __heap_limit
  219 000000DC         
  220 000000DC                 ELSE
  234                          ENDIF
  235 000000DC         
  236 000000DC                 END
              00000000 
              00000000 
Command Line: --debug --xref --diag_suppress=9931 --cpu=Cortex-M0 --apcs=interw
ork --depend=.\objects\startup.d -o.\objects\startup.o -I.\inc -IF:\1708\dock\p
rj\RTE -I"D:\Program Files (x86)\Keil_v5\ARM\PACK\ARM\CMSIS\4.2.0\Device\ARM\AR
MCM0\Include" -I"D:\Program Files (x86)\Keil_v5\ARM\CMSIS\Include" --predefine=
"__MICROLIB SETA 1" --predefine="__UVISION_VERSION SETA 514" --predefine="ARMCM
0 SETA 1" --list=.\listings\startup.lst src\startup.s



ARM Macro Assembler    Page 1 Alphabetic symbol ordering
Relocatable symbols

STACK 00000000

Symbol: STACK
   Definitions
      At line 19 in file src\startup.s
   Uses
      None
Comment: STACK unused
Stack_Mem 00000000

Symbol: Stack_Mem
   Definitions
      At line 20 in file src\startup.s
   Uses
      None
Comment: Stack_Mem unused
__initial_sp 00000800

Symbol: __initial_sp
   Definitions
      At line 21 in file src\startup.s
   Uses
      At line 43 in file src\startup.s
      At line 216 in file src\startup.s

3 symbols



ARM Macro Assembler    Page 1 Alphabetic symbol ordering
Relocatable symbols

HEAP 00000000

Symbol: HEAP
   Definitions
      At line 28 in file src\startup.s
   Uses
      None
Comment: HEAP unused
Heap_Mem 00000000

Symbol: Heap_Mem
   Definitions
      At line 30 in file src\startup.s
   Uses
      None
Comment: Heap_Mem unused
__heap_base 00000000

Symbol: __heap_base
   Definitions
      At line 29 in file src\startup.s
   Uses
      At line 217 in file src\startup.s
Comment: __heap_base used once
__heap_limit 00000000

Symbol: __heap_limit
   Definitions
      At line 31 in file src\startup.s
   Uses
      At line 218 in file src\startup.s
Comment: __heap_limit used once
4 symbols



ARM Macro Assembler    Page 1 Alphabetic symbol ordering
Relocatable symbols

ADC_IRQHandler 000000DA

Symbol: ADC_IRQHandler
   Definitions
      At line 184 in file src\startup.s
   Uses
      At line 72 in file src\startup.s
      At line 151 in file src\startup.s

CAN_IRQHandler 000000DA

Symbol: CAN_IRQHandler
   Definitions
      At line 204 in file src\startup.s
   Uses
      At line 92 in file src\startup.s
      At line 171 in file src\startup.s

CKRDY_IRQHandler 000000DA

Symbol: CKRDY_IRQHandler
   Definitions
      At line 173 in file src\startup.s
   Uses
      At line 61 in file src\startup.s
      At line 140 in file src\startup.s

COMP_IRQHandler 000000DA

Symbol: COMP_IRQHandler
   Definitions
      At line 203 in file src\startup.s
   Uses
      At line 91 in file src\startup.s
      At line 170 in file src\startup.s

DebugMon_Handler 000000D4

Symbol: DebugMon_Handler
   Definitions
      At line 124 in file src\startup.s
   Uses
      At line 55 in file src\startup.s
      At line 125 in file src\startup.s

Default_Handler 000000DA

Symbol: Default_Handler
   Definitions
      At line 139 in file src\startup.s
   Uses
      None
Comment: Default_Handler unused
EVWUP_IRQHandler 000000DA

Symbol: EVWUP_IRQHandler
   Definitions
      At line 178 in file src\startup.s
   Uses



ARM Macro Assembler    Page 2 Alphabetic symbol ordering
Relocatable symbols

      At line 66 in file src\startup.s
      At line 145 in file src\startup.s

EXTI0_1_2_3_IRQHandler 000000DA

Symbol: EXTI0_1_2_3_IRQHandler
   Definitions
      At line 180 in file src\startup.s
   Uses
      At line 68 in file src\startup.s
      At line 147 in file src\startup.s

EXTI12_13_14_15_IRQHandler 000000DA

Symbol: EXTI12_13_14_15_IRQHandler
   Definitions
      At line 183 in file src\startup.s
   Uses
      At line 71 in file src\startup.s
      At line 150 in file src\startup.s

EXTI4_5_6_7_IRQHandler 000000DA

Symbol: EXTI4_5_6_7_IRQHandler
   Definitions
      At line 181 in file src\startup.s
   Uses
      At line 69 in file src\startup.s
      At line 148 in file src\startup.s

EXTI8_9_10_11_IRQHandler 000000DA

Symbol: EXTI8_9_10_11_IRQHandler
   Definitions
      At line 182 in file src\startup.s
   Uses
      At line 70 in file src\startup.s
      At line 149 in file src\startup.s

FLASH_IRQHandler 000000DA

Symbol: FLASH_IRQHandler
   Definitions
      At line 177 in file src\startup.s
   Uses
      At line 65 in file src\startup.s
      At line 144 in file src\startup.s

GPTM0_IRQHandler 000000DA

Symbol: GPTM0_IRQHandler
   Definitions
      At line 185 in file src\startup.s
   Uses
      At line 73 in file src\startup.s
      At line 152 in file src\startup.s

GPTM1_IRQHandler 000000DA




ARM Macro Assembler    Page 3 Alphabetic symbol ordering
Relocatable symbols

Symbol: GPTM1_IRQHandler
   Definitions
      At line 186 in file src\startup.s
   Uses
      At line 74 in file src\startup.s
      At line 153 in file src\startup.s

GPTM2_IRQHandler 000000DA

Symbol: GPTM2_IRQHandler
   Definitions
      At line 187 in file src\startup.s
   Uses
      At line 75 in file src\startup.s
      At line 154 in file src\startup.s

GPTM3_IRQHandler 000000DA

Symbol: GPTM3_IRQHandler
   Definitions
      At line 188 in file src\startup.s
   Uses
      At line 76 in file src\startup.s
      At line 155 in file src\startup.s

HardFault_Handler 000000D0

Symbol: HardFault_Handler
   Definitions
      At line 114 in file src\startup.s
   Uses
      At line 46 in file src\startup.s
      At line 115 in file src\startup.s

I2C0_IRQHandler 000000DA

Symbol: I2C0_IRQHandler
   Definitions
      At line 189 in file src\startup.s
   Uses
      At line 77 in file src\startup.s
      At line 156 in file src\startup.s

LPWUP_POR_IRQHandler 000000DA

Symbol: LPWUP_POR_IRQHandler
   Definitions
      At line 179 in file src\startup.s
   Uses
      At line 67 in file src\startup.s
      At line 146 in file src\startup.s

LVD_IRQHandler 000000DA

Symbol: LVD_IRQHandler
   Definitions
      At line 174 in file src\startup.s
   Uses
      At line 62 in file src\startup.s



ARM Macro Assembler    Page 4 Alphabetic symbol ordering
Relocatable symbols

      At line 141 in file src\startup.s

NMI_Handler 000000CE

Symbol: NMI_Handler
   Definitions
      At line 109 in file src\startup.s
   Uses
      At line 45 in file src\startup.s
      At line 110 in file src\startup.s

PDMA_CH0_IRQHandler 000000DA

Symbol: PDMA_CH0_IRQHandler
   Definitions
      At line 197 in file src\startup.s
   Uses
      At line 85 in file src\startup.s
      At line 164 in file src\startup.s

PDMA_CH1_IRQHandler 000000DA

Symbol: PDMA_CH1_IRQHandler
   Definitions
      At line 198 in file src\startup.s
   Uses
      At line 86 in file src\startup.s
      At line 165 in file src\startup.s

PDMA_CH2_IRQHandler 000000DA

Symbol: PDMA_CH2_IRQHandler
   Definitions
      At line 199 in file src\startup.s
   Uses
      At line 87 in file src\startup.s
      At line 166 in file src\startup.s

PDMA_CH3_IRQHandler 000000DA

Symbol: PDMA_CH3_IRQHandler
   Definitions
      At line 200 in file src\startup.s
   Uses
      At line 88 in file src\startup.s
      At line 167 in file src\startup.s

PDMA_CH4_CH5IRQHandler 000000DA

Symbol: PDMA_CH4_CH5IRQHandler
   Definitions
      At line 201 in file src\startup.s
   Uses
      At line 89 in file src\startup.s
      At line 168 in file src\startup.s

PDMA_CH6_CH7_IRQHandler 000000DA

Symbol: PDMA_CH6_CH7_IRQHandler



ARM Macro Assembler    Page 5 Alphabetic symbol ordering
Relocatable symbols

   Definitions
      At line 202 in file src\startup.s
   Uses
      At line 90 in file src\startup.s
      At line 169 in file src\startup.s

PendSV_Handler 000000D6

Symbol: PendSV_Handler
   Definitions
      At line 129 in file src\startup.s
   Uses
      At line 57 in file src\startup.s
      At line 130 in file src\startup.s

RESET 00000000

Symbol: RESET
   Definitions
      At line 40 in file src\startup.s
   Uses
      None
Comment: RESET unused
RTC_IRQHandler 000000DA

Symbol: RTC_IRQHandler
   Definitions
      At line 176 in file src\startup.s
   Uses
      At line 64 in file src\startup.s
      At line 143 in file src\startup.s

Reset_Handler 000000C0

Symbol: Reset_Handler
   Definitions
      At line 95 in file src\startup.s
   Uses
      At line 44 in file src\startup.s
      At line 96 in file src\startup.s

SPI0_SPI1_IRQHandler 000000DA

Symbol: SPI0_SPI1_IRQHandler
   Definitions
      At line 190 in file src\startup.s
   Uses
      At line 78 in file src\startup.s
      At line 157 in file src\startup.s

SVC_Handler 000000D2

Symbol: SVC_Handler
   Definitions
      At line 119 in file src\startup.s
   Uses
      At line 54 in file src\startup.s
      At line 120 in file src\startup.s




ARM Macro Assembler    Page 6 Alphabetic symbol ordering
Relocatable symbols

SysTick_Handler 000000D8

Symbol: SysTick_Handler
   Definitions
      At line 134 in file src\startup.s
   Uses
      At line 58 in file src\startup.s
      At line 135 in file src\startup.s

UART0_IRQHandler 000000DA

Symbol: UART0_IRQHandler
   Definitions
      At line 191 in file src\startup.s
   Uses
      At line 79 in file src\startup.s
      At line 158 in file src\startup.s

UART1_IRQHandler 000000DA

Symbol: UART1_IRQHandler
   Definitions
      At line 192 in file src\startup.s
   Uses
      At line 80 in file src\startup.s
      At line 159 in file src\startup.s

UART2_IRQHandler 000000DA

Symbol: UART2_IRQHandler
   Definitions
      At line 193 in file src\startup.s
   Uses
      At line 81 in file src\startup.s
      At line 160 in file src\startup.s

UART3_IRQHandler 000000DA

Symbol: UART3_IRQHandler
   Definitions
      At line 194 in file src\startup.s
   Uses
      At line 82 in file src\startup.s
      At line 161 in file src\startup.s

UART4_IRQHandler 000000DA

Symbol: UART4_IRQHandler
   Definitions
      At line 195 in file src\startup.s
   Uses
      At line 83 in file src\startup.s
      At line 162 in file src\startup.s

UART5_IRQHandler 000000DA

Symbol: UART5_IRQHandler
   Definitions
      At line 196 in file src\startup.s



ARM Macro Assembler    Page 7 Alphabetic symbol ordering
Relocatable symbols

   Uses
      At line 84 in file src\startup.s
      At line 163 in file src\startup.s

WDT_IRQHandler 000000DA

Symbol: WDT_IRQHandler
   Definitions
      At line 175 in file src\startup.s
   Uses
      At line 63 in file src\startup.s
      At line 142 in file src\startup.s

__Vectors 00000000

Symbol: __Vectors
   Definitions
      At line 43 in file src\startup.s
   Uses
      At line 41 in file src\startup.s
Comment: __Vectors used once
42 symbols



ARM Macro Assembler    Page 1 Alphabetic symbol ordering
Absolute symbols

Heap_Size 00000000

Symbol: Heap_Size
   Definitions
      At line 26 in file src\startup.s
   Uses
      At line 30 in file src\startup.s
Comment: Heap_Size used once
Stack_Size 00000800

Symbol: Stack_Size
   Definitions
      At line 17 in file src\startup.s
   Uses
      At line 20 in file src\startup.s
Comment: Stack_Size used once
2 symbols



ARM Macro Assembler    Page 1 Alphabetic symbol ordering
External symbols

SystemInit 00000000

Symbol: SystemInit
   Definitions
      At line 97 in file src\startup.s
   Uses
      At line 99 in file src\startup.s
Comment: SystemInit used once
__main 00000000

Symbol: __main
   Definitions
      At line 98 in file src\startup.s
   Uses
      At line 101 in file src\startup.s
Comment: __main used once
2 symbols
388 symbols in table
